Using pre-set license

 COMMAND LINE ARGUMENTS:
/Applications/Unity/Hub/Editor/2020.2.2f1/Unity.app/Contents/MacOS/Unity
-adb2
-batchMode
-noUpm
-name
AssetImportWorker0
-projectPath
/Users/spencersymington/Desktop/Projects/HyperCubic
-logFile
Logs/AssetImportWorker0.log
-srvPort
60808
Successfully changed project path to: /Users/spencersymington/Desktop/Projects/HyperCubic
/Users/spencersymington/Desktop/Projects/HyperCubic
Using Asset Import Pipeline V2.
Refreshing native plugins compatible for Editor in 24.78 ms, found 1 plugins.
Preloading 0 native plugins for Editor in 0.00 ms.
Initialize engine version: 2020.2.2f1 (068178b99f32)
[Subsystems] Discovering subsystems at path /Applications/Unity/Hub/Editor/2020.2.2f1/Unity.app/Contents/Resources/UnitySubsystems
[Subsystems] Discovering subsystems at path /Users/spencersymington/Desktop/Projects/HyperCubic/Assets
GfxDevice: creating device client; threaded=0
2021-01-30 17:18:43.010 Unity[15867:4494808] Color LCD preferred device: Intel(R) Iris(TM) Plus Graphics 640 (low power)
2021-01-30 17:18:43.010 Unity[15867:4494808] Metal devices available: 1
2021-01-30 17:18:43.010 Unity[15867:4494808] 0: Intel(R) Iris(TM) Plus Graphics 640 (low power)
2021-01-30 17:18:43.011 Unity[15867:4494808] Using device Intel(R) Iris(TM) Plus Graphics 640 (low power)
Initializing Metal device caps: Intel(R) Iris(TM) Plus Graphics 640
Initialize mono
Mono path[0] = '/Applications/Unity/Hub/Editor/2020.2.2f1/Unity.app/Contents/Managed'
Mono path[1] = '/Applications/Unity/Hub/Editor/2020.2.2f1/Unity.app/Contents/MonoBleedingEdge/lib/mono/unityjit'
Mono config path = '/Applications/Unity/Hub/Editor/2020.2.2f1/Unity.app/Contents/MonoBleedingEdge/etc'
Using monoOptions --debugger-agent=transport=dt_socket,embedding=1,server=y,suspend=n,address=127.0.0.1:56867
Begin MonoManager ReloadAssembly
Registering precompiled unity dll's ...
Register platform support module: /Applications/Unity/Hub/Editor/2020.2.2f1/PlaybackEngines/WebGLSupport/UnityEditor.WebGL.Extensions.dll
Register platform support module: /Applications/Unity/Hub/Editor/2020.2.2f1/Unity.app/Contents/PlaybackEngines/MacStandaloneSupport/UnityEditor.OSXStandalone.Extensions.dll
Registered in 0.000668 seconds.
Native extension for OSXStandalone target not found
Native extension for WebGL target not found
Refreshing native plugins compatible for Editor in 25.21 ms, found 1 plugins.
Preloading 0 native plugins for Editor in 0.00 ms.
Invoked RoslynAnalysisRunner static constructor.
RoslynAnalysisRunner will not be running.
RoslynAnalysisRunner has terminated.
Mono: successfully reloaded assembly
- Completed reload, in  2.293 seconds
Platform modules already initialized, skipping
Registering precompiled user dll's ...
Registered in 0.000342 seconds.
Begin MonoManager ReloadAssembly
Native extension for OSXStandalone target not found
Native extension for WebGL target not found
Refreshing native plugins compatible for Editor in 0.21 ms, found 1 plugins.
Preloading 0 native plugins for Editor in 0.00 ms.
Invoked RoslynAnalysisRunner static constructor.
RoslynAnalysisRunner will not be running.
RoslynAnalysisRunner has terminated.
Mono: successfully reloaded assembly
- Completed reload, in  0.998 seconds
Platform modules already initialized, skipping
========================================================================
Worker process is ready to serve import requests
Launching external process: /Applications/Unity/Hub/Editor/2020.2.2f1/Unity.app/Contents/Tools/UnityShaderCompiler
Launched and connected shader compiler UnityShaderCompiler after 0.01 seconds
Refreshing native plugins compatible for Editor in 0.23 ms, found 1 plugins.
Preloading 0 native plugins for Editor in 0.00 ms.
Unloading 1099 Unused Serialized files (Serialized files now loaded: 0)
System memory in use before: 108.4 MB.
System memory in use after: 108.4 MB.

Unloading 10 unused Assets to reduce memory usage. Loaded Objects now: 1540.
Total: 2.767425 ms (FindLiveObjects: 0.320829 ms CreateObjectMapping: 0.116625 ms MarkObjects: 2.237666 ms  DeleteObjects: 0.090174 ms)

========================================================================
Received Import Request.
  path: Assets/Scripts
  artifactKey: Guid(7010751d7b49e45f1a75922ea3943d13) Importer(815301076,1909f56bfc062723c751e8b465ee728b)
Start importing Assets/Scripts using Guid(7010751d7b49e45f1a75922ea3943d13) Importer(815301076,1909f56bfc062723c751e8b465ee728b)  -> (artifact id: '89ebd429bc19cc997a3fff2f9c3acf97') in 0.004704 seconds
  Import took 0.007065 seconds .

========================================================================
Received Import Request.
  Time since last request: 29.615076 seconds.
  path: Assets/Scripts/GridManager.cs
  artifactKey: Guid(55012e70b5798455996dada457c1cefc) Importer(815301076,1909f56bfc062723c751e8b465ee728b)
Start importing Assets/Scripts/GridManager.cs using Guid(55012e70b5798455996dada457c1cefc) Importer(815301076,1909f56bfc062723c751e8b465ee728b)  -> (artifact id: '535c9f4470cf4958d8c2671bae0538a8') in 0.429106 seconds
  Import took 0.431341 seconds .

========================================================================
Received Prepare
Registering precompiled user dll's ...
Registered in 0.000362 seconds.
Begin MonoManager ReloadAssembly
Native extension for OSXStandalone target not found
Native extension for WebGL target not found
Refreshing native plugins compatible for Editor in 0.23 ms, found 1 plugins.
Preloading 0 native plugins for Editor in 0.00 ms.
Invoked RoslynAnalysisRunner static constructor.
RoslynAnalysisRunner will not be running.
RoslynAnalysisRunner has terminated.
Mono: successfully reloaded assembly
- Completed reload, in  0.996 seconds
Platform modules already initialized, skipping
Refreshing native plugins compatible for Editor in 0.19 ms, found 1 plugins.
Preloading 0 native plugins for Editor in 0.00 ms.
Unloading 1095 Unused Serialized files (Serialized files now loaded: 0)
System memory in use before: 112.9 MB.
System memory in use after: 113.0 MB.

Unloading 5 unused Assets to reduce memory usage. Loaded Objects now: 1543.
Total: 1.788383 ms (FindLiveObjects: 0.155738 ms CreateObjectMapping: 0.034930 ms MarkObjects: 1.536595 ms  DeleteObjects: 0.059788 ms)

========================================================================
Received Import Request.
  Time since last request: 342.876959 seconds.
  path: Assets/Scripts/GridManager.cs
  artifactKey: Guid(55012e70b5798455996dada457c1cefc) Importer(815301076,1909f56bfc062723c751e8b465ee728b)
Start importing Assets/Scripts/GridManager.cs using Guid(55012e70b5798455996dada457c1cefc) Importer(815301076,1909f56bfc062723c751e8b465ee728b)  -> (artifact id: 'aed7541be5339a0627ddbc393acb1137') in 0.014523 seconds
  Import took 0.017652 seconds .

========================================================================
Received Import Request.
  Time since last request: 523.005579 seconds.
  path: Assets/Scripts/Tests
  artifactKey: Guid(372f8e660fd5b4ff5a5bb80876777e2a) Importer(815301076,1909f56bfc062723c751e8b465ee728b)
Start importing Assets/Scripts/Tests using Guid(372f8e660fd5b4ff5a5bb80876777e2a) Importer(815301076,1909f56bfc062723c751e8b465ee728b)  -> (artifact id: '6229fc1a1fe542c9b146064199e87018') in 0.001898 seconds
  Import took 0.005651 seconds .

========================================================================
Received Import Request.
  Time since last request: 65.296093 seconds.
  path: Assets/Scripts/Tests/Tests.asmdef
  artifactKey: Guid(98105c7309e074c968c01524e0c7d7e9) Importer(815301076,1909f56bfc062723c751e8b465ee728b)
Start importing Assets/Scripts/Tests/Tests.asmdef using Guid(98105c7309e074c968c01524e0c7d7e9) Importer(815301076,1909f56bfc062723c751e8b465ee728b)  -> (artifact id: '8c9c35f2b19799dfe7a13c374b734cb5') in 0.397742 seconds
  Import took 0.400442 seconds .

========================================================================
Received Import Request.
  Time since last request: 10.454341 seconds.
  path: Assets/Scripts/Tests/GridTests.cs
  artifactKey: Guid(5dcc302ec4ecd496ca1c072b373c538e) Importer(815301076,1909f56bfc062723c751e8b465ee728b)
Start importing Assets/Scripts/Tests/GridTests.cs using Guid(5dcc302ec4ecd496ca1c072b373c538e) Importer(815301076,1909f56bfc062723c751e8b465ee728b)  -> (artifact id: '6389804c982aa84bbf55ce6d292aa9bf') in 0.003126 seconds
  Import took 0.006097 seconds .

========================================================================
Received Import Request.
  Time since last request: 0.000530 seconds.
  path: Assets/Scripts/Tests/GridTests.cs
  artifactKey: Guid(5dcc302ec4ecd496ca1c072b373c538e) Importer(815301076,1909f56bfc062723c751e8b465ee728b)
Start importing Assets/Scripts/Tests/GridTests.cs using Guid(5dcc302ec4ecd496ca1c072b373c538e) Importer(815301076,1909f56bfc062723c751e8b465ee728b)  -> (artifact id: '6389804c982aa84bbf55ce6d292aa9bf') in 0.002171 seconds
  Import took 0.004531 seconds .

========================================================================
Received Prepare
Registering precompiled user dll's ...
Registered in 0.000408 seconds.
Begin MonoManager ReloadAssembly
Native extension for OSXStandalone target not found
Native extension for WebGL target not found
Refreshing native plugins compatible for Editor in 0.22 ms, found 1 plugins.
Preloading 0 native plugins for Editor in 0.00 ms.
Invoked RoslynAnalysisRunner static constructor.
RoslynAnalysisRunner will not be running.
RoslynAnalysisRunner has terminated.
Mono: successfully reloaded assembly
- Completed reload, in  0.942 seconds
Platform modules already initialized, skipping
Refreshing native plugins compatible for Editor in 0.21 ms, found 1 plugins.
Preloading 0 native plugins for Editor in 0.00 ms.
Unloading 1096 Unused Serialized files (Serialized files now loaded: 0)
System memory in use before: 117.5 MB.
System memory in use after: 117.6 MB.

Unloading 5 unused Assets to reduce memory usage. Loaded Objects now: 1546.
Total: 2.404517 ms (FindLiveObjects: 0.450392 ms CreateObjectMapping: 0.090623 ms MarkObjects: 1.795323 ms  DeleteObjects: 0.065081 ms)

========================================================================
Received Prepare
Registering precompiled user dll's ...
Registered in 0.000397 seconds.
Begin MonoManager ReloadAssembly
Native extension for OSXStandalone target not found
Native extension for WebGL target not found
Refreshing native plugins compatible for Editor in 0.22 ms, found 1 plugins.
Preloading 0 native plugins for Editor in 0.00 ms.
Invoked RoslynAnalysisRunner static constructor.
RoslynAnalysisRunner will not be running.
RoslynAnalysisRunner has terminated.
Mono: successfully reloaded assembly
- Completed reload, in  0.933 seconds
Platform modules already initialized, skipping
Refreshing native plugins compatible for Editor in 0.22 ms, found 1 plugins.
Preloading 0 native plugins for Editor in 0.00 ms.
Unloading 1096 Unused Serialized files (Serialized files now loaded: 0)
System memory in use before: 117.9 MB.
System memory in use after: 117.9 MB.

Unloading 5 unused Assets to reduce memory usage. Loaded Objects now: 1548.
Total: 1.803353 ms (FindLiveObjects: 0.274472 ms CreateObjectMapping: 0.059091 ms MarkObjects: 1.407829 ms  DeleteObjects: 0.060040 ms)

========================================================================
Received Prepare
Registering precompiled user dll's ...
Registered in 0.000541 seconds.
Begin MonoManager ReloadAssembly
Native extension for OSXStandalone target not found
Native extension for WebGL target not found
Refreshing native plugins compatible for Editor in 0.21 ms, found 1 plugins.
Preloading 0 native plugins for Editor in 0.00 ms.
Invoked RoslynAnalysisRunner static constructor.
RoslynAnalysisRunner will not be running.
RoslynAnalysisRunner has terminated.
Mono: successfully reloaded assembly
- Completed reload, in  0.946 seconds
Platform modules already initialized, skipping
Refreshing native plugins compatible for Editor in 0.22 ms, found 1 plugins.
Preloading 0 native plugins for Editor in 0.00 ms.
Unloading 1096 Unused Serialized files (Serialized files now loaded: 0)
System memory in use before: 118.2 MB.
System memory in use after: 118.2 MB.

Unloading 5 unused Assets to reduce memory usage. Loaded Objects now: 1550.
Total: 2.578029 ms (FindLiveObjects: 0.358377 ms CreateObjectMapping: 0.074697 ms MarkObjects: 2.076835 ms  DeleteObjects: 0.065462 ms)

========================================================================
Received Prepare
Registering precompiled user dll's ...
Registered in 0.001185 seconds.
Begin MonoManager ReloadAssembly
Native extension for OSXStandalone target not found
Native extension for WebGL target not found
Refreshing native plugins compatible for Editor in 0.23 ms, found 1 plugins.
Preloading 0 native plugins for Editor in 0.00 ms.
Invoked RoslynAnalysisRunner static constructor.
RoslynAnalysisRunner will not be running.
RoslynAnalysisRunner has terminated.
Mono: successfully reloaded assembly
- Completed reload, in  0.947 seconds
Platform modules already initialized, skipping
Refreshing native plugins compatible for Editor in 0.20 ms, found 1 plugins.
Preloading 0 native plugins for Editor in 0.00 ms.
Unloading 1096 Unused Serialized files (Serialized files now loaded: 0)
System memory in use before: 118.5 MB.
System memory in use after: 118.5 MB.

Unloading 5 unused Assets to reduce memory usage. Loaded Objects now: 1552.
Total: 2.761845 ms (FindLiveObjects: 0.429798 ms CreateObjectMapping: 0.098775 ms MarkObjects: 2.163578 ms  DeleteObjects: 0.067238 ms)

========================================================================
Received Prepare
Registering precompiled user dll's ...
Registered in 0.000455 seconds.
Begin MonoManager ReloadAssembly
Native extension for OSXStandalone target not found
Native extension for WebGL target not found
Refreshing native plugins compatible for Editor in 0.24 ms, found 1 plugins.
Preloading 0 native plugins for Editor in 0.00 ms.
Invoked RoslynAnalysisRunner static constructor.
RoslynAnalysisRunner will not be running.
RoslynAnalysisRunner has terminated.
Mono: successfully reloaded assembly
- Completed reload, in  0.944 seconds
Platform modules already initialized, skipping
Refreshing native plugins compatible for Editor in 0.18 ms, found 1 plugins.
Preloading 0 native plugins for Editor in 0.00 ms.
Unloading 1096 Unused Serialized files (Serialized files now loaded: 0)
System memory in use before: 118.8 MB.
System memory in use after: 118.8 MB.

Unloading 5 unused Assets to reduce memory usage. Loaded Objects now: 1554.
Total: 2.373766 ms (FindLiveObjects: 0.313368 ms CreateObjectMapping: 0.085975 ms MarkObjects: 1.911368 ms  DeleteObjects: 0.061118 ms)

========================================================================
Received Import Request.
  Time since last request: 651.792003 seconds.
  path: Assets/Scripts/GameAssemble.asmdef
  artifactKey: Guid(a520632a7add9473f807ada0cd761976) Importer(815301076,1909f56bfc062723c751e8b465ee728b)
Start importing Assets/Scripts/GameAssemble.asmdef using Guid(a520632a7add9473f807ada0cd761976) Importer(815301076,1909f56bfc062723c751e8b465ee728b)  -> (artifact id: '60c86805c301bb7a31b1d77deb9177cb') in 0.006980 seconds
  Import took 0.010275 seconds .

========================================================================
Received Import Request.
  Time since last request: 0.071408 seconds.
  path: Assets/Scripts/GameAssemble.asmdef
  artifactKey: Guid(a520632a7add9473f807ada0cd761976) Importer(815301076,1909f56bfc062723c751e8b465ee728b)
Start importing Assets/Scripts/GameAssemble.asmdef using Guid(a520632a7add9473f807ada0cd761976) Importer(815301076,1909f56bfc062723c751e8b465ee728b)  -> (artifact id: '60c86805c301bb7a31b1d77deb9177cb') in 0.007019 seconds
  Import took 0.009390 seconds .

========================================================================
Received Import Request.
  Time since last request: 14.248769 seconds.
  path: Assets/Scripts/GameAssembly.asmdef
  artifactKey: Guid(a520632a7add9473f807ada0cd761976) Importer(815301076,1909f56bfc062723c751e8b465ee728b)
Start importing Assets/Scripts/GameAssembly.asmdef using Guid(a520632a7add9473f807ada0cd761976) Importer(815301076,1909f56bfc062723c751e8b465ee728b)  -> (artifact id: '4f26353cfc1e4207d36bb5691b6ab665') in 0.005064 seconds
  Import took 0.007913 seconds .

========================================================================
Received Import Request.
  Time since last request: 46.285515 seconds.
  path: Assets/Scripts/Tests/Tests.asmdef
  artifactKey: Guid(98105c7309e074c968c01524e0c7d7e9) Importer(815301076,1909f56bfc062723c751e8b465ee728b)
Start importing Assets/Scripts/Tests/Tests.asmdef using Guid(98105c7309e074c968c01524e0c7d7e9) Importer(815301076,1909f56bfc062723c751e8b465ee728b)  -> (artifact id: 'f6a5d9213afa9b8309ec880ccfd487f2') in 0.003762 seconds
  Import took 0.006517 seconds .

========================================================================
Received Import Request.
  Time since last request: 0.047209 seconds.
  path: Assets/Scripts/Tests/Tests.asmdef
  artifactKey: Guid(98105c7309e074c968c01524e0c7d7e9) Importer(815301076,1909f56bfc062723c751e8b465ee728b)
Start importing Assets/Scripts/Tests/Tests.asmdef using Guid(98105c7309e074c968c01524e0c7d7e9) Importer(815301076,1909f56bfc062723c751e8b465ee728b)  -> (artifact id: 'f6a5d9213afa9b8309ec880ccfd487f2') in 0.002723 seconds
  Import took 0.006493 seconds .

========================================================================
Received Prepare
Registering precompiled user dll's ...
Registered in 0.000374 seconds.
Begin MonoManager ReloadAssembly
Native extension for OSXStandalone target not found
Native extension for WebGL target not found
Refreshing native plugins compatible for Editor in 0.23 ms, found 1 plugins.
Preloading 0 native plugins for Editor in 0.00 ms.
Invoked RoslynAnalysisRunner static constructor.
RoslynAnalysisRunner will not be running.
RoslynAnalysisRunner has terminated.
Mono: successfully reloaded assembly
- Completed reload, in  0.919 seconds
Platform modules already initialized, skipping
Refreshing native plugins compatible for Editor in 0.24 ms, found 1 plugins.
Preloading 0 native plugins for Editor in 0.00 ms.
Unloading 1096 Unused Serialized files (Serialized files now loaded: 0)
System memory in use before: 119.0 MB.
System memory in use after: 119.0 MB.

Unloading 5 unused Assets to reduce memory usage. Loaded Objects now: 1556.
Total: 2.657670 ms (FindLiveObjects: 0.402791 ms CreateObjectMapping: 0.118198 ms MarkObjects: 2.070331 ms  DeleteObjects: 0.063383 ms)

========================================================================
Received Prepare
Registering precompiled user dll's ...
Registered in 0.000724 seconds.
Begin MonoManager ReloadAssembly
Native extension for OSXStandalone target not found
Native extension for WebGL target not found
Refreshing native plugins compatible for Editor in 0.32 ms, found 1 plugins.
Preloading 0 native plugins for Editor in 0.00 ms.
Invoked RoslynAnalysisRunner static constructor.
RoslynAnalysisRunner will not be running.
RoslynAnalysisRunner has terminated.
Mono: successfully reloaded assembly
- Completed reload, in  0.941 seconds
Platform modules already initialized, skipping
Refreshing native plugins compatible for Editor in 0.29 ms, found 1 plugins.
Preloading 0 native plugins for Editor in 0.00 ms.
Unloading 1096 Unused Serialized files (Serialized files now loaded: 0)
System memory in use before: 119.3 MB.
System memory in use after: 119.4 MB.

Unloading 5 unused Assets to reduce memory usage. Loaded Objects now: 1558.
Total: 2.664340 ms (FindLiveObjects: 0.355839 ms CreateObjectMapping: 0.345623 ms MarkObjects: 1.892740 ms  DeleteObjects: 0.066327 ms)

